2024-02-15 19:52:29,548 DEBUG: verify_token: 63d04fbccadd7a273ab73d6b6b665965 [in /home/marc/Escritorio/M12/projecteM12/proyectoM12/wannapop/api/helper_auth.py:24]
2024-02-16 12:37:52,379 INFO: Aplicación iniciada [in /home/marc/Escritorio/M12/projecteM12/proyectoM12/wannapop/__init__.py:61]
2024-02-16 12:37:52,392 INFO: Aplicación iniciada [in /home/marc/Escritorio/M12/projecteM12/proyectoM12/wannapop/__init__.py:61]
2024-02-16 12:37:52,392 INFO: Aplicación iniciada [in /home/marc/Escritorio/M12/projecteM12/proyectoM12/wannapop/__init__.py:61]
2024-02-16 12:37:52,676 INFO: Aplicación iniciada [in /home/marc/Escritorio/M12/projecteM12/proyectoM12/wannapop/__init__.py:61]
2024-02-16 12:37:52,689 INFO: Aplicación iniciada [in /home/marc/Escritorio/M12/projecteM12/proyectoM12/wannapop/__init__.py:61]
2024-02-16 12:37:52,689 INFO: Aplicación iniciada [in /home/marc/Escritorio/M12/projecteM12/proyectoM12/wannapop/__init__.py:61]
2024-02-16 12:40:41,325 DEBUG: credentials: wanner@wanner.com [in /home/marc/Escritorio/M12/projecteM12/proyectoM12/wannapop/api/helper_auth.py:13]
2024-02-16 12:40:41,325 DEBUG: credentials: wanner@wanner.com [in /home/marc/Escritorio/M12/projecteM12/proyectoM12/wannapop/api/helper_auth.py:13]
2024-02-16 12:40:41,325 DEBUG: auth user: OrderedDict([('id', 44), ('name', 'wanner'), ('email', 'wanner@wanner.com'), ('created', datetime.datetime(2023, 11, 17, 14, 33, 31, 419724)), ('updated', datetime.datetime(2023, 11, 17, 14, 33, 31, 419729)), ('role', 'wanner'), ('email_token', 'BNi0WTSYiaFuNPpaBjmpiLAehvQ'), ('verified', 1), ('token', 'd7a3d083e0c2e273f3bb7b93c8a373bd'), ('token_expiration', datetime.datetime(2024, 2, 14, 19, 25, 28, 77381))]) [in /home/marc/Escritorio/M12/projecteM12/proyectoM12/wannapop/api/helper_auth.py:14]
2024-02-16 12:40:41,325 DEBUG: auth user: OrderedDict([('id', 44), ('name', 'wanner'), ('email', 'wanner@wanner.com'), ('created', datetime.datetime(2023, 11, 17, 14, 33, 31, 419724)), ('updated', datetime.datetime(2023, 11, 17, 14, 33, 31, 419729)), ('role', 'wanner'), ('email_token', 'BNi0WTSYiaFuNPpaBjmpiLAehvQ'), ('verified', 1), ('token', 'd7a3d083e0c2e273f3bb7b93c8a373bd'), ('token_expiration', datetime.datetime(2024, 2, 14, 19, 25, 28, 77381))]) [in /home/marc/Escritorio/M12/projecteM12/proyectoM12/wannapop/api/helper_auth.py:14]
2024-02-16 12:40:41,539 DEBUG: Token:7910e01894c142eba66aa91d438ccfdd [in /home/marc/Escritorio/M12/projecteM12/proyectoM12/wannapop/api/tokens.py:11]
2024-02-16 12:40:41,539 DEBUG: Token:7910e01894c142eba66aa91d438ccfdd [in /home/marc/Escritorio/M12/projecteM12/proyectoM12/wannapop/api/tokens.py:11]
2024-02-16 15:17:17,558 INFO: Aplicación iniciada [in /usr/src/app/wannapop/__init__.py:61]
2024-02-16 15:17:17,591 INFO: Aplicación iniciada [in /usr/src/app/wannapop/__init__.py:61]
2024-02-16 15:17:17,653 INFO: Aplicación iniciada [in /usr/src/app/wannapop/__init__.py:61]
2024-02-16 15:23:35,131 INFO: Aplicación iniciada [in /usr/src/app/wannapop/__init__.py:61]
2024-02-16 15:23:35,220 INFO: Aplicación iniciada [in /usr/src/app/wannapop/__init__.py:61]
2024-02-16 15:23:35,255 INFO: Aplicación iniciada [in /usr/src/app/wannapop/__init__.py:61]
2024-02-16 15:23:35,297 INFO: Aplicación iniciada [in /usr/src/app/wannapop/__init__.py:61]
2024-02-16 16:28:55,704 INFO: Aplicación iniciada [in /home/marc/Escritorio/M12/projecteM12/proyectoM12/wannapop/__init__.py:61]
2024-02-16 16:28:55,714 INFO: Aplicación iniciada [in /home/marc/Escritorio/M12/projecteM12/proyectoM12/wannapop/__init__.py:61]
2024-02-16 16:28:55,714 INFO: Aplicación iniciada [in /home/marc/Escritorio/M12/projecteM12/proyectoM12/wannapop/__init__.py:61]
2024-02-16 16:28:55,960 INFO: Aplicación iniciada [in /home/marc/Escritorio/M12/projecteM12/proyectoM12/wannapop/__init__.py:61]
2024-02-16 16:28:55,970 INFO: Aplicación iniciada [in /home/marc/Escritorio/M12/projecteM12/proyectoM12/wannapop/__init__.py:61]
2024-02-16 16:28:55,970 INFO: Aplicación iniciada [in /home/marc/Escritorio/M12/projecteM12/proyectoM12/wannapop/__init__.py:61]
2024-02-16 15:29:46,691 INFO: Aplicación iniciada [in /usr/src/app/wannapop/__init__.py:61]
2024-02-16 15:29:46,691 INFO: Aplicación iniciada [in /usr/src/app/wannapop/__init__.py:61]
2024-02-16 15:29:46,725 INFO: Aplicación iniciada [in /usr/src/app/wannapop/__init__.py:61]
2024-02-16 15:29:46,774 INFO: Aplicación iniciada [in /usr/src/app/wannapop/__init__.py:61]
2024-02-16 15:36:09,917 INFO: Aplicación iniciada [in /usr/src/app/wannapop/__init__.py:61]
2024-02-16 15:36:10,005 INFO: Aplicación iniciada [in /usr/src/app/wannapop/__init__.py:61]
2024-02-16 15:45:32,510 INFO: Aplicación iniciada [in /usr/src/app/wannapop/__init__.py:61]
2024-02-16 15:45:32,599 INFO: Aplicación iniciada [in /usr/src/app/wannapop/__init__.py:61]
2024-02-16 15:45:32,614 INFO: Aplicación iniciada [in /usr/src/app/wannapop/__init__.py:61]
2024-02-16 15:45:32,649 INFO: Aplicación iniciada [in /usr/src/app/wannapop/__init__.py:61]
2024-02-16 15:46:03,096 INFO: Aplicación iniciada [in /usr/src/app/wannapop/__init__.py:61]
2024-02-16 15:46:03,204 INFO: Aplicación iniciada [in /usr/src/app/wannapop/__init__.py:61]
2024-02-16 15:46:03,231 INFO: Aplicación iniciada [in /usr/src/app/wannapop/__init__.py:61]
2024-02-16 15:49:51,446 INFO: Aplicación iniciada [in /usr/src/app/wannapop/__init__.py:61]
2024-02-16 15:49:51,481 INFO: Aplicación iniciada [in /usr/src/app/wannapop/__init__.py:61]
2024-02-16 15:49:51,493 INFO: Aplicación iniciada [in /usr/src/app/wannapop/__init__.py:61]
2024-02-16 15:49:51,527 INFO: Aplicación iniciada [in /usr/src/app/wannapop/__init__.py:61]
2024-02-16 15:56:52,689 INFO: Aplicación iniciada [in /usr/src/app/wannapop/__init__.py:61]
2024-02-16 15:56:52,754 INFO: Aplicación iniciada [in /usr/src/app/wannapop/__init__.py:61]
2024-02-16 15:56:52,779 INFO: Aplicación iniciada [in /usr/src/app/wannapop/__init__.py:61]
2024-02-16 15:56:52,850 INFO: Aplicación iniciada [in /usr/src/app/wannapop/__init__.py:61]
2024-02-16 16:14:53,198 INFO: Aplicación iniciada [in /usr/src/app/wannapop/__init__.py:61]
2024-02-16 16:14:53,294 INFO: Aplicación iniciada [in /usr/src/app/wannapop/__init__.py:61]
2024-02-16 16:18:32,794 INFO: Aplicación iniciada [in /usr/src/app/wannapop/__init__.py:61]
2024-02-16 16:18:32,871 INFO: Aplicación iniciada [in /usr/src/app/wannapop/__init__.py:61]
2024-02-16 16:18:32,910 INFO: Aplicación iniciada [in /usr/src/app/wannapop/__init__.py:61]
2024-02-16 16:18:32,978 INFO: Aplicación iniciada [in /usr/src/app/wannapop/__init__.py:61]
